<?xml version="1.0" encoding="UTF-8"?>
<!-- Generated by org.testng.reporters.JUnitReportReporter -->
<testsuite hostname="LAPTOP-6UPTAFLI" failures="0" tests="2" name="com.cliantha.testcases.ProjectSetupPageTest" time="46.726" errors="0" timestamp="2023-08-02T15:05:17 IST" skipped="0">
  <testcase classname="com.cliantha.testcases.ProjectSetupPageTest" name="searchByProjectNumberTest" time="23.173"/>
  <system-out/>
  <testcase classname="com.cliantha.testcases.ProjectSetupPageTest" name="resetTest" time="23.553"/>
  <system-out/>
</testsuite> <!-- com.cliantha.testcases.ProjectSetupPageTest -->
