<?xml version="1.0" encoding="UTF-8"?>
<!-- Generated by org.testng.reporters.JUnitReportReporter -->
<testsuite hostname="LAPTOP-6UPTAFLI" failures="0" tests="1" name="com.cliantha.testcases.LoginPageTest" time="27.221" errors="0" timestamp="2023-08-02T15:05:17 IST" skipped="0">
  <testcase classname="com.cliantha.testcases.LoginPageTest" name="loginTest" time="27.221"/>
  <system-out/>
</testsuite> <!-- com.cliantha.testcases.LoginPageTest -->
